<?xml version="1.0" encoding="UTF-8"?>
<!-- Generated by org.testng.reporters.JUnitReportReporter -->
<testsuite hostname="LAPTOP-6OGFVBRH" failures="0" tests="2" name="paralleltest.testDp" time="6.082" errors="0" timestamp="2021-10-02T13:45:24 EDT" skipped="0">
  <testcase classname="paralleltest.testDp" name="doLogin" time="3.039"/>
  <system-out/>
  <testcase classname="paralleltest.testDp" name="doLogin" time="3.043"/>
  <system-out/>
</testsuite> <!-- paralleltest.testDp -->
