<?xml version="1.0" encoding="UTF-8"?>
<!-- Generated by org.testng.reporters.JUnitReportReporter -->
<testsuite hostname="LAPTOP-6OGFVBRH" failures="0" tests="1" name="seltestng.testng1" time="0.017" errors="0" timestamp="2021-09-28T15:17:10 EDT" skipped="0">
  <testcase classname="seltestng.testng1" name="demo" time="0.017"/>
  <system-out/>
</testsuite> <!-- seltestng.testng1 -->
