<?xml version="1.0" encoding="UTF-8"?>
<!-- Generated by org.testng.reporters.JUnitReportReporter -->
<testsuite hostname="LAPTOP-6OGFVBRH" failures="0" tests="1" name="seltestng.testng2" time="0.001" errors="0" timestamp="2021-09-28T15:17:10 EDT" skipped="0">
  <testcase classname="seltestng.testng2" name="demo1" time="0.001"/>
  <system-out/>
</testsuite> <!-- seltestng.testng2 -->
