<?xml version="1.0" encoding="UTF-8"?>
<!-- Generated by org.testng.reporters.JUnitReportReporter -->
<testsuite hostname="LAPTOP-6OGFVBRH" failures="0" tests="5" name="parameterizationexcel" time="0.010" errors="0" timestamp="2021-10-01T16:08:40 EDT" skipped="0">
  <testcase classname="parameterizationexcel" name="testData" time="0.001"/>
  <system-out/>
  <testcase classname="parameterizationexcel" name="testData" time="0.001"/>
  <system-out/>
  <testcase classname="parameterizationexcel" name="testData" time="0.006"/>
  <system-out/>
  <testcase classname="parameterizationexcel" name="testData" time="0.001"/>
  <system-out/>
  <testcase classname="parameterizationexcel" name="testData" time="0.001"/>
  <system-out/>
</testsuite> <!-- parameterizationexcel -->
