<?xml version="1.0" encoding="UTF-8"?>
<!-- Generated by org.testng.reporters.JUnitReportReporter -->
<testsuite hostname="LAPTOP-6OGFVBRH" failures="0" tests="1" name="seleniumtesting.testng2" time="0.002" errors="0" timestamp="2021-09-29T16:04:57 EDT" skipped="0">
  <testcase classname="seleniumtesting.testng2" name="demo1" time="0.002"/>
  <system-out/>
</testsuite> <!-- seleniumtesting.testng2 -->
