<?xml version="1.0" encoding="UTF-8"?>
<!-- Generated by org.testng.reporters.JUnitReportReporter -->
<testsuite hostname="LAPTOP-6OGFVBRH" failures="0" tests="2" name="paralleltest.testBrowser" time="6.052" errors="0" timestamp="2021-10-02T11:33:05 EDT" skipped="0">
  <testcase classname="paralleltest.testBrowser" name="doLogin" time="3.020"/>
  <system-out/>
  <testcase classname="paralleltest.testBrowser" name="doLogin" time="3.032"/>
  <system-out/>
</testsuite> <!-- paralleltest.testBrowser -->
