<?xml version="1.0" encoding="UTF-8"?>
<!-- Generated by org.testng.reporters.JUnitReportReporter -->
<testsuite hostname="LAPTOP-6OGFVBRH" failures="0" tests="2" name="Paramertization.testParameterization" time="0.010" errors="0" timestamp="2021-10-02T10:02:32 EDT" skipped="0">
  <testcase classname="Paramertization.testParameterization" name="getBrowserName" time="0.001"/>
  <system-out/>
  <testcase classname="Paramertization.testParameterization" name="getBrowserName" time="0.009"/>
  <system-out/>
</testsuite> <!-- Paramertization.testParameterization -->
